
ROM used:   136/8192 (2%)
            136/8192 (2%) including unused fragments

            0.2 Average locations per line
            3.6 Average locations per statement

RAM used:   6/368 (2%) at main() level
            11/368 (3%) worst case

Stack used: 1 worst case (1 in main + 0 for interrupts)
Stack size: 8

Lines Stmts  %   Files
----- ----- ---  -----
   74    38 100  poyecto1.c
  768     0   0  ..\..\..\..\..\Program Files (x86)\PICC\Devices\16f887.h
----- -----
  842    38 Total

Page ROM  %  RAM   Vol Diff  Functions:
---- --- --- ---   --- ----  ----------
0     21  15    1             @delay_ms1
0     14  10    0             @const622
0     97  71    0  1155  5.6  MAIN
 Inline         0             @cinit1

Program metrics:
    Functions               1
    Statements              38
    Comments                131
    Volume (V)              1163
    Difficulty (D)          5.4
    Effort to implement (E) 6243
    Time to implement (T)   6 minutes
    Est Delivered Bugs (B)  0
    Cyclomatic Complexity   5
    Maintainability (MI)    29

 Segment     Used  Free
-----------  ----  ----
00000-00003     4  0  
00004-007FF   132  1912  
00800-00FFF     0  2048  
01000-017FF     0  2048  
01800-01FFF     0  2048  



